{
  message: 'Not found',
  level: 'error',
  label: 'track logs system:',
  timestamp: '2023-09-10T07:16:12.289Z'
}
{
  errno: -4058,
  syscall: 'unlink',
  code: 'ENOENT',
  path: 'public/images/cover/image-1694332734429-782435258.png',
  level: 'error',
  message: "Error uploading image: ENOENT: no such file or directory, unlink 'public/images/cover/image-1694332734429-782435258.png'",
  stack: "Error: ENOENT: no such file or directory, unlink 'public/images/cover/image-1694332734429-782435258.png'\n" +
    '    at Object.unlinkSync (node:fs:1883:3)\n' +
    '    at D:\\Đồ án quản lý thư viện\\library-magerment-server\\src\\service\\file.service.ts:114:14\n' +
    '    at processTicksAndRejections (node:internal/process/task_queues:95:5)',
  label: 'track logs system:',
  timestamp: '2023-09-10T07:58:59.323Z'
}
{
  message: 'Not found',
  level: 'error',
  label: 'track logs system:',
  timestamp: '2023-09-10T07:59:23.623Z'
}
{
  message: 'Not found',
  level: 'error',
  label: 'track logs system:',
  timestamp: '2023-09-10T07:59:34.036Z'
}
