{
  errno: -4058,
  syscall: 'unlink',
  code: 'ENOENT',
  path: 'public/images/cover/pdf-1694139598248-564951397.pdf',
  level: 'error',
  message: "Error uploading image: ENOENT: no such file or directory, unlink 'public/images/cover/pdf-1694139598248-564951397.pdf'",
  stack: "Error: ENOENT: no such file or directory, unlink 'public/images/cover/pdf-1694139598248-564951397.pdf'\n" +
    '    at Object.unlinkSync (node:fs:1883:3)\n' +
    '    at D:\\Đồ án quản lý thư viện\\library-magerment-server\\src\\service\\book.service.ts:176:14\n' +
    '    at processTicksAndRejections (node:internal/process/task_queues:95:5)',
  label: 'track logs system:',
  timestamp: '2023-09-08T02:20:00.589Z'
}
{
  errno: -4058,
  syscall: 'unlink',
  code: 'ENOENT',
  path: 'public/images/cover/pdf-1694140211215-72630211.pdf',
  level: 'error',
  message: "Error uploading image: ENOENT: no such file or directory, unlink 'public/images/cover/pdf-1694140211215-72630211.pdf'",
  stack: "Error: ENOENT: no such file or directory, unlink 'public/images/cover/pdf-1694140211215-72630211.pdf'\n" +
    '    at Object.unlinkSync (node:fs:1883:3)\n' +
    '    at D:\\Đồ án quản lý thư viện\\library-magerment-server\\src\\service\\book.service.ts:192:14\n' +
    '    at processTicksAndRejections (node:internal/process/task_queues:95:5)',
  label: 'track logs system:',
  timestamp: '2023-09-08T02:30:20.892Z'
}
{
  errno: -4058,
  syscall: 'unlink',
  code: 'ENOENT',
  path: 'public/images/cover/pdf-1694140640953-696655359.pdf',
  level: 'error',
  message: "Error uploading image: ENOENT: no such file or directory, unlink 'public/images/cover/pdf-1694140640953-696655359.pdf'",
  stack: "Error: ENOENT: no such file or directory, unlink 'public/images/cover/pdf-1694140640953-696655359.pdf'\n" +
    '    at Object.unlinkSync (node:fs:1883:3)\n' +
    '    at D:\\Đồ án quản lý thư viện\\library-magerment-server\\src\\service\\book.service.ts:191:14\n' +
    '    at processTicksAndRejections (node:internal/process/task_queues:95:5)',
  label: 'track logs system:',
  timestamp: '2023-09-08T02:37:24.809Z'
}
{
  message: 'Not found',
  level: 'error',
  label: 'track logs system:',
  timestamp: '2023-09-08T02:59:46.613Z'
}
{
  message: 'Not found',
  level: 'error',
  label: 'track logs system:',
  timestamp: '2023-09-08T02:59:47.766Z'
}
{
  errno: -4058,
  syscall: 'unlink',
  code: 'ENOENT',
  path: 'public/images/cover/pdf-1694142159526-9114851.pdf',
  level: 'error',
  message: "Error uploading image: ENOENT: no such file or directory, unlink 'public/images/cover/pdf-1694142159526-9114851.pdf'",
  stack: "Error: ENOENT: no such file or directory, unlink 'public/images/cover/pdf-1694142159526-9114851.pdf'\n" +
    '    at Object.unlinkSync (node:fs:1883:3)\n' +
    '    at D:\\Đồ án quản lý thư viện\\library-magerment-server\\src\\service\\book.service.ts:192:14\n' +
    '    at processTicksAndRejections (node:internal/process/task_queues:95:5)',
  label: 'track logs system:',
  timestamp: '2023-09-08T03:02:43.698Z'
}
