{
  message: 'Not found',
  level: 'error',
  label: 'track logs system:',
  timestamp: '2023-09-15T03:31:03.716Z'
}
{
  message: 'Not found',
  level: 'error',
  label: 'track logs system:',
  timestamp: '2023-09-15T05:31:52.303Z'
}
{
  message: 'Not found',
  level: 'error',
  label: 'track logs system:',
  timestamp: '2023-09-15T05:31:52.695Z'
}
{
  message: 'Not found',
  level: 'error',
  label: 'track logs system:',
  timestamp: '2023-09-15T05:31:59.266Z'
}
{
  message: 'Not found',
  level: 'error',
  label: 'track logs system:',
  timestamp: '2023-09-15T05:31:59.621Z'
}
{
  message: 'Not found',
  level: 'error',
  label: 'track logs system:',
  timestamp: '2023-09-15T05:32:45.672Z'
}
{
  message: 'Not found',
  level: 'error',
  label: 'track logs system:',
  timestamp: '2023-09-15T05:32:46.359Z'
}
{
  message: 'Not found',
  level: 'error',
  label: 'track logs system:',
  timestamp: '2023-09-15T05:33:04.094Z'
}
{
  message: 'Not found',
  level: 'error',
  label: 'track logs system:',
  timestamp: '2023-09-15T05:33:21.248Z'
}
