{
  message: 'error when create new book',
  level: 'error',
  label: 'track logs system:',
  timestamp: '2023-09-09T12:59:56.511Z'
}
{
  message: 'error when create new book',
  level: 'error',
  label: 'track logs system:',
  timestamp: '2023-09-09T13:00:06.266Z'
}
{
  message: 'error when create new book',
  level: 'error',
  label: 'track logs system:',
  timestamp: '2023-09-09T13:00:29.383Z'
}
{
  message: 'error when create new book',
  level: 'error',
  label: 'track logs system:',
  timestamp: '2023-09-09T13:02:11.449Z'
}
{
  message: 'error when create new book',
  level: 'error',
  label: 'track logs system:',
  timestamp: '2023-09-09T13:02:44.298Z'
}
{
  message: 'error when create new book',
  level: 'error',
  label: 'track logs system:',
  timestamp: '2023-09-09T13:03:12.938Z'
}
{
  message: 'error when create new book',
  level: 'error',
  label: 'track logs system:',
  timestamp: '2023-09-09T13:03:48.586Z'
}
{
  message: 'error when create new book',
  level: 'error',
  label: 'track logs system:',
  timestamp: '2023-09-09T13:04:24.358Z'
}
{
  message: 'error when create new book',
  level: 'error',
  label: 'track logs system:',
  timestamp: '2023-09-09T13:06:59.035Z'
}
{
  message: 'error when create new book',
  level: 'error',
  label: 'track logs system:',
  timestamp: '2023-09-09T13:08:06.107Z'
}
{
  message: 'error when create new book',
  level: 'error',
  label: 'track logs system:',
  timestamp: '2023-09-09T13:10:11.011Z'
}
{
  message: 'error when create new book',
  level: 'error',
  label: 'track logs system:',
  timestamp: '2023-09-09T13:10:19.552Z'
}
{
  message: 'error when create new book',
  level: 'error',
  label: 'track logs system:',
  timestamp: '2023-09-09T13:10:29.927Z'
}
{
  message: 'Not found',
  level: 'error',
  label: 'track logs system:',
  timestamp: '2023-09-09T13:18:48.731Z'
}
{
  message: 'Not found',
  level: 'error',
  label: 'track logs system:',
  timestamp: '2023-09-09T13:19:00.168Z'
}
{
  message: 'Not found',
  level: 'error',
  label: 'track logs system:',
  timestamp: '2023-09-09T13:21:25.832Z'
}
{
  message: 'Not found',
  level: 'error',
  label: 'track logs system:',
  timestamp: '2023-09-09T13:27:57.556Z'
}
{
  message: 'error when create new book',
  level: 'error',
  label: 'track logs system:',
  timestamp: '2023-09-09T13:33:55.566Z'
}
{
  message: 'Not found',
  level: 'error',
  label: 'track logs system:',
  timestamp: '2023-09-09T13:34:47.151Z'
}
{
  message: 'Not found',
  level: 'error',
  label: 'track logs system:',
  timestamp: '2023-09-09T13:34:54.417Z'
}
{
  message: 'Not found',
  level: 'error',
  label: 'track logs system:',
  timestamp: '2023-09-09T13:35:54.681Z'
}
{
  message: 'Not found',
  level: 'error',
  label: 'track logs system:',
  timestamp: '2023-09-09T13:36:05.690Z'
}
{
  message: 'Not found',
  level: 'error',
  label: 'track logs system:',
  timestamp: '2023-09-09T13:37:26.179Z'
}
{
  stringValue: '"{ title: undefined }"',
  messageFormat: undefined,
  kind: 'ObjectId',
  value: { title: undefined },
  path: '_id',
  reason: BSONError: Argument passed in must be a string of 12 bytes or a string of 24 hex characters or an integer
      at new ObjectId (D:\Đồ án quản lý thư viện\library-magerment-server\node_modules\bson\src\objectid.ts:88:15)
      at castObjectId (D:\Đồ án quản lý thư viện\library-magerment-server\node_modules\mongoose\lib\cast\objectid.js:25:12)
      at ObjectId.cast (D:\Đồ án quản lý thư viện\library-magerment-server\node_modules\mongoose\lib\schema\objectid.js:248:12)
      at ObjectId.SchemaType.applySetters (D:\Đồ án quản lý thư viện\library-magerment-server\node_modules\mongoose\lib\schematype.js:1220:12)
      at ObjectId.SchemaType.castForQuery (D:\Đồ án quản lý thư viện\library-magerment-server\node_modules\mongoose\lib\schematype.js:1632:15)
      at cast (D:\Đồ án quản lý thư viện\library-magerment-server\node_modules\mongoose\lib\cast.js:298:34)
      at model.Query.Query.cast (D:\Đồ án quản lý thư viện\library-magerment-server\node_modules\mongoose\lib\query.js:4901:12)
      at model.Query.Query._castConditions (D:\Đồ án quản lý thư viện\library-magerment-server\node_modules\mongoose\lib\query.js:2224:10)
      at model.Query._findOneAndUpdate (D:\Đồ án quản lý thư viện\library-magerment-server\node_modules\mongoose\lib\query.js:3292:8)
      at model.Query.exec (D:\Đồ án quản lý thư viện\library-magerment-server\node_modules\mongoose\lib\query.js:4420:28),
  valueType: 'Object',
  model: Model { Blog },
  level: 'error',
  message: 'Error uploading image: Cast to ObjectId failed for value "{ title: undefined }" (type Object) at path "_id" for model "Blog"',
  stack: 'CastError: Cast to ObjectId failed for value "{ title: undefined }" (type Object) at path "_id" for model "Blog"\n' +
    '    at ObjectId.cast (D:\\Đồ án quản lý thư viện\\library-magerment-server\\node_modules\\mongoose\\lib\\schema\\objectid.js:250:11)\n' +
    '    at ObjectId.SchemaType.applySetters (D:\\Đồ án quản lý thư viện\\library-magerment-server\\node_modules\\mongoose\\lib\\schematype.js:1220:12)\n' +
    '    at ObjectId.SchemaType.castForQuery (D:\\Đồ án quản lý thư viện\\library-magerment-server\\node_modules\\mongoose\\lib\\schematype.js:1632:15)\n' +
    '    at cast (D:\\Đồ án quản lý thư viện\\library-magerment-server\\node_modules\\mongoose\\lib\\cast.js:298:34)\n' +
    '    at model.Query.Query.cast (D:\\Đồ án quản lý thư viện\\library-magerment-server\\node_modules\\mongoose\\lib\\query.js:4901:12)\n' +
    '    at model.Query.Query._castConditions (D:\\Đồ án quản lý thư viện\\library-magerment-server\\node_modules\\mongoose\\lib\\query.js:2224:10)\n' +
    '    at model.Query._findOneAndUpdate (D:\\Đồ án quản lý thư viện\\library-magerment-server\\node_modules\\mongoose\\lib\\query.js:3292:8)\n' +
    '    at model.Query.exec (D:\\Đồ án quản lý thư viện\\library-magerment-server\\node_modules\\mongoose\\lib\\query.js:4420:28)\n' +
    '    at processTicksAndRejections (node:internal/process/task_queues:95:5)\n' +
    '    at async D:\\Đồ án quản lý thư viện\\library-magerment-server\\src\\service\\blog.service.ts:26:11',
  label: 'track logs system:',
  timestamp: '2023-09-09T13:39:46.498Z'
}
{
  message: 'Not found',
  level: 'error',
  label: 'track logs system:',
  timestamp: '2023-09-09T13:41:12.136Z'
}
{
  message: 'Not found',
  level: 'error',
  label: 'track logs system:',
  timestamp: '2023-09-09T13:41:14.702Z'
}
{
  message: 'Not found',
  level: 'error',
  label: 'track logs system:',
  timestamp: '2023-09-09T13:41:55.193Z'
}
{
  message: 'Not found',
  level: 'error',
  label: 'track logs system:',
  timestamp: '2023-09-09T13:41:56.796Z'
}
{
  message: 'Not found',
  level: 'error',
  label: 'track logs system:',
  timestamp: '2023-09-09T13:43:06.764Z'
}
{
  stringValue: '"{ id: undefined }"',
  messageFormat: undefined,
  kind: 'ObjectId',
  value: { id: undefined },
  path: '_id',
  reason: BSONError: Argument passed in must be a string of 12 bytes or a string of 24 hex characters or an integer
      at new ObjectId (D:\Đồ án quản lý thư viện\library-magerment-server\node_modules\bson\src\objectid.ts:88:15)
      at castObjectId (D:\Đồ án quản lý thư viện\library-magerment-server\node_modules\mongoose\lib\cast\objectid.js:25:12)
      at ObjectId.cast (D:\Đồ án quản lý thư viện\library-magerment-server\node_modules\mongoose\lib\schema\objectid.js:248:12)
      at ObjectId.SchemaType.applySetters (D:\Đồ án quản lý thư viện\library-magerment-server\node_modules\mongoose\lib\schematype.js:1220:12)
      at ObjectId.SchemaType.castForQuery (D:\Đồ án quản lý thư viện\library-magerment-server\node_modules\mongoose\lib\schematype.js:1632:15)
      at cast (D:\Đồ án quản lý thư viện\library-magerment-server\node_modules\mongoose\lib\cast.js:298:34)
      at model.Query.Query.cast (D:\Đồ án quản lý thư viện\library-magerment-server\node_modules\mongoose\lib\query.js:4901:12)
      at model.Query.Query._castConditions (D:\Đồ án quản lý thư viện\library-magerment-server\node_modules\mongoose\lib\query.js:2224:10)
      at model.Query._findOneAndUpdate (D:\Đồ án quản lý thư viện\library-magerment-server\node_modules\mongoose\lib\query.js:3292:8)
      at model.Query.exec (D:\Đồ án quản lý thư viện\library-magerment-server\node_modules\mongoose\lib\query.js:4420:28),
  valueType: 'Object',
  model: Model { Blog },
  level: 'error',
  message: 'Error uploading image: Cast to ObjectId failed for value "{ id: undefined }" (type Object) at path "_id" for model "Blog"',
  stack: 'CastError: Cast to ObjectId failed for value "{ id: undefined }" (type Object) at path "_id" for model "Blog"\n' +
    '    at ObjectId.cast (D:\\Đồ án quản lý thư viện\\library-magerment-server\\node_modules\\mongoose\\lib\\schema\\objectid.js:250:11)\n' +
    '    at ObjectId.SchemaType.applySetters (D:\\Đồ án quản lý thư viện\\library-magerment-server\\node_modules\\mongoose\\lib\\schematype.js:1220:12)\n' +
    '    at ObjectId.SchemaType.castForQuery (D:\\Đồ án quản lý thư viện\\library-magerment-server\\node_modules\\mongoose\\lib\\schematype.js:1632:15)\n' +
    '    at cast (D:\\Đồ án quản lý thư viện\\library-magerment-server\\node_modules\\mongoose\\lib\\cast.js:298:34)\n' +
    '    at model.Query.Query.cast (D:\\Đồ án quản lý thư viện\\library-magerment-server\\node_modules\\mongoose\\lib\\query.js:4901:12)\n' +
    '    at model.Query.Query._castConditions (D:\\Đồ án quản lý thư viện\\library-magerment-server\\node_modules\\mongoose\\lib\\query.js:2224:10)\n' +
    '    at model.Query._findOneAndUpdate (D:\\Đồ án quản lý thư viện\\library-magerment-server\\node_modules\\mongoose\\lib\\query.js:3292:8)\n' +
    '    at model.Query.exec (D:\\Đồ án quản lý thư viện\\library-magerment-server\\node_modules\\mongoose\\lib\\query.js:4420:28)\n' +
    '    at processTicksAndRejections (node:internal/process/task_queues:95:5)\n' +
    '    at async D:\\Đồ án quản lý thư viện\\library-magerment-server\\src\\service\\blog.service.ts:26:11',
  label: 'track logs system:',
  timestamp: '2023-09-09T13:43:34.073Z'
}
{
  stringValue: '"{ id: undefined }"',
  messageFormat: undefined,
  kind: 'ObjectId',
  value: { id: undefined },
  path: '_id',
  reason: BSONError: Argument passed in must be a string of 12 bytes or a string of 24 hex characters or an integer
      at new ObjectId (D:\Đồ án quản lý thư viện\library-magerment-server\node_modules\bson\src\objectid.ts:88:15)
      at castObjectId (D:\Đồ án quản lý thư viện\library-magerment-server\node_modules\mongoose\lib\cast\objectid.js:25:12)
      at ObjectId.cast (D:\Đồ án quản lý thư viện\library-magerment-server\node_modules\mongoose\lib\schema\objectid.js:248:12)
      at ObjectId.SchemaType.applySetters (D:\Đồ án quản lý thư viện\library-magerment-server\node_modules\mongoose\lib\schematype.js:1220:12)
      at ObjectId.SchemaType.castForQuery (D:\Đồ án quản lý thư viện\library-magerment-server\node_modules\mongoose\lib\schematype.js:1632:15)
      at cast (D:\Đồ án quản lý thư viện\library-magerment-server\node_modules\mongoose\lib\cast.js:298:34)
      at model.Query.Query.cast (D:\Đồ án quản lý thư viện\library-magerment-server\node_modules\mongoose\lib\query.js:4901:12)
      at model.Query.Query._castConditions (D:\Đồ án quản lý thư viện\library-magerment-server\node_modules\mongoose\lib\query.js:2224:10)
      at model.Query._findOneAndUpdate (D:\Đồ án quản lý thư viện\library-magerment-server\node_modules\mongoose\lib\query.js:3292:8)
      at model.Query.exec (D:\Đồ án quản lý thư viện\library-magerment-server\node_modules\mongoose\lib\query.js:4420:28),
  valueType: 'Object',
  model: Model { Blog },
  level: 'error',
  message: 'Error uploading image: Cast to ObjectId failed for value "{ id: undefined }" (type Object) at path "_id" for model "Blog"',
  stack: 'CastError: Cast to ObjectId failed for value "{ id: undefined }" (type Object) at path "_id" for model "Blog"\n' +
    '    at ObjectId.cast (D:\\Đồ án quản lý thư viện\\library-magerment-server\\node_modules\\mongoose\\lib\\schema\\objectid.js:250:11)\n' +
    '    at ObjectId.SchemaType.applySetters (D:\\Đồ án quản lý thư viện\\library-magerment-server\\node_modules\\mongoose\\lib\\schematype.js:1220:12)\n' +
    '    at ObjectId.SchemaType.castForQuery (D:\\Đồ án quản lý thư viện\\library-magerment-server\\node_modules\\mongoose\\lib\\schematype.js:1632:15)\n' +
    '    at cast (D:\\Đồ án quản lý thư viện\\library-magerment-server\\node_modules\\mongoose\\lib\\cast.js:298:34)\n' +
    '    at model.Query.Query.cast (D:\\Đồ án quản lý thư viện\\library-magerment-server\\node_modules\\mongoose\\lib\\query.js:4901:12)\n' +
    '    at model.Query.Query._castConditions (D:\\Đồ án quản lý thư viện\\library-magerment-server\\node_modules\\mongoose\\lib\\query.js:2224:10)\n' +
    '    at model.Query._findOneAndUpdate (D:\\Đồ án quản lý thư viện\\library-magerment-server\\node_modules\\mongoose\\lib\\query.js:3292:8)\n' +
    '    at model.Query.exec (D:\\Đồ án quản lý thư viện\\library-magerment-server\\node_modules\\mongoose\\lib\\query.js:4420:28)\n' +
    '    at processTicksAndRejections (node:internal/process/task_queues:95:5)\n' +
    '    at async D:\\Đồ án quản lý thư viện\\library-magerment-server\\src\\service\\blog.service.ts:26:11',
  label: 'track logs system:',
  timestamp: '2023-09-09T13:45:36.402Z'
}
{
  stringValue: `"{ title: '1111111' }"`,
  messageFormat: undefined,
  kind: 'ObjectId',
  value: { title: '1111111' },
  path: '_id',
  reason: BSONError: Argument passed in must be a string of 12 bytes or a string of 24 hex characters or an integer
      at new ObjectId (D:\Đồ án quản lý thư viện\library-magerment-server\node_modules\bson\src\objectid.ts:88:15)
      at castObjectId (D:\Đồ án quản lý thư viện\library-magerment-server\node_modules\mongoose\lib\cast\objectid.js:25:12)
      at ObjectId.cast (D:\Đồ án quản lý thư viện\library-magerment-server\node_modules\mongoose\lib\schema\objectid.js:248:12)
      at ObjectId.SchemaType.applySetters (D:\Đồ án quản lý thư viện\library-magerment-server\node_modules\mongoose\lib\schematype.js:1220:12)
      at ObjectId.SchemaType.castForQuery (D:\Đồ án quản lý thư viện\library-magerment-server\node_modules\mongoose\lib\schematype.js:1632:15)
      at cast (D:\Đồ án quản lý thư viện\library-magerment-server\node_modules\mongoose\lib\cast.js:298:34)
      at model.Query.Query.cast (D:\Đồ án quản lý thư viện\library-magerment-server\node_modules\mongoose\lib\query.js:4901:12)
      at model.Query.Query._castConditions (D:\Đồ án quản lý thư viện\library-magerment-server\node_modules\mongoose\lib\query.js:2224:10)
      at model.Query._findOneAndUpdate (D:\Đồ án quản lý thư viện\library-magerment-server\node_modules\mongoose\lib\query.js:3292:8)
      at model.Query.exec (D:\Đồ án quản lý thư viện\library-magerment-server\node_modules\mongoose\lib\query.js:4420:28),
  valueType: 'Object',
  model: Model { Blog },
  level: 'error',
  message: `Error uploading image: Cast to ObjectId failed for value "{ title: '1111111' }" (type Object) at path "_id" for model "Blog"`,
  stack: `CastError: Cast to ObjectId failed for value "{ title: '1111111' }" (type Object) at path "_id" for model "Blog"\n` +
    '    at ObjectId.cast (D:\\Đồ án quản lý thư viện\\library-magerment-server\\node_modules\\mongoose\\lib\\schema\\objectid.js:250:11)\n' +
    '    at ObjectId.SchemaType.applySetters (D:\\Đồ án quản lý thư viện\\library-magerment-server\\node_modules\\mongoose\\lib\\schematype.js:1220:12)\n' +
    '    at ObjectId.SchemaType.castForQuery (D:\\Đồ án quản lý thư viện\\library-magerment-server\\node_modules\\mongoose\\lib\\schematype.js:1632:15)\n' +
    '    at cast (D:\\Đồ án quản lý thư viện\\library-magerment-server\\node_modules\\mongoose\\lib\\cast.js:298:34)\n' +
    '    at model.Query.Query.cast (D:\\Đồ án quản lý thư viện\\library-magerment-server\\node_modules\\mongoose\\lib\\query.js:4901:12)\n' +
    '    at model.Query.Query._castConditions (D:\\Đồ án quản lý thư viện\\library-magerment-server\\node_modules\\mongoose\\lib\\query.js:2224:10)\n' +
    '    at model.Query._findOneAndUpdate (D:\\Đồ án quản lý thư viện\\library-magerment-server\\node_modules\\mongoose\\lib\\query.js:3292:8)\n' +
    '    at model.Query.exec (D:\\Đồ án quản lý thư viện\\library-magerment-server\\node_modules\\mongoose\\lib\\query.js:4420:28)\n' +
    '    at processTicksAndRejections (node:internal/process/task_queues:95:5)\n' +
    '    at async D:\\Đồ án quản lý thư viện\\library-magerment-server\\src\\service\\blog.service.ts:24:11',
  label: 'track logs system:',
  timestamp: '2023-09-09T13:46:56.914Z'
}
{
  stringValue: `"{ title: '1111111' }"`,
  messageFormat: undefined,
  kind: 'ObjectId',
  value: { title: '1111111' },
  path: '_id',
  reason: BSONError: Argument passed in must be a string of 12 bytes or a string of 24 hex characters or an integer
      at new ObjectId (D:\Đồ án quản lý thư viện\library-magerment-server\node_modules\bson\src\objectid.ts:88:15)
      at castObjectId (D:\Đồ án quản lý thư viện\library-magerment-server\node_modules\mongoose\lib\cast\objectid.js:25:12)
      at ObjectId.cast (D:\Đồ án quản lý thư viện\library-magerment-server\node_modules\mongoose\lib\schema\objectid.js:248:12)
      at ObjectId.SchemaType.applySetters (D:\Đồ án quản lý thư viện\library-magerment-server\node_modules\mongoose\lib\schematype.js:1220:12)
      at ObjectId.SchemaType.castForQuery (D:\Đồ án quản lý thư viện\library-magerment-server\node_modules\mongoose\lib\schematype.js:1632:15)
      at cast (D:\Đồ án quản lý thư viện\library-magerment-server\node_modules\mongoose\lib\cast.js:298:34)
      at model.Query.Query.cast (D:\Đồ án quản lý thư viện\library-magerment-server\node_modules\mongoose\lib\query.js:4901:12)
      at model.Query.Query._castConditions (D:\Đồ án quản lý thư viện\library-magerment-server\node_modules\mongoose\lib\query.js:2224:10)
      at model.Query._findOneAndUpdate (D:\Đồ án quản lý thư viện\library-magerment-server\node_modules\mongoose\lib\query.js:3292:8)
      at model.Query.exec (D:\Đồ án quản lý thư viện\library-magerment-server\node_modules\mongoose\lib\query.js:4420:28),
  valueType: 'Object',
  model: Model { Blog },
  level: 'error',
  message: `Error uploading image: Cast to ObjectId failed for value "{ title: '1111111' }" (type Object) at path "_id" for model "Blog"`,
  stack: `CastError: Cast to ObjectId failed for value "{ title: '1111111' }" (type Object) at path "_id" for model "Blog"\n` +
    '    at ObjectId.cast (D:\\Đồ án quản lý thư viện\\library-magerment-server\\node_modules\\mongoose\\lib\\schema\\objectid.js:250:11)\n' +
    '    at ObjectId.SchemaType.applySetters (D:\\Đồ án quản lý thư viện\\library-magerment-server\\node_modules\\mongoose\\lib\\schematype.js:1220:12)\n' +
    '    at ObjectId.SchemaType.castForQuery (D:\\Đồ án quản lý thư viện\\library-magerment-server\\node_modules\\mongoose\\lib\\schematype.js:1632:15)\n' +
    '    at cast (D:\\Đồ án quản lý thư viện\\library-magerment-server\\node_modules\\mongoose\\lib\\cast.js:298:34)\n' +
    '    at model.Query.Query.cast (D:\\Đồ án quản lý thư viện\\library-magerment-server\\node_modules\\mongoose\\lib\\query.js:4901:12)\n' +
    '    at model.Query.Query._castConditions (D:\\Đồ án quản lý thư viện\\library-magerment-server\\node_modules\\mongoose\\lib\\query.js:2224:10)\n' +
    '    at model.Query._findOneAndUpdate (D:\\Đồ án quản lý thư viện\\library-magerment-server\\node_modules\\mongoose\\lib\\query.js:3292:8)\n' +
    '    at model.Query.exec (D:\\Đồ án quản lý thư viện\\library-magerment-server\\node_modules\\mongoose\\lib\\query.js:4420:28)\n' +
    '    at processTicksAndRejections (node:internal/process/task_queues:95:5)\n' +
    '    at async D:\\Đồ án quản lý thư viện\\library-magerment-server\\src\\service\\blog.service.ts:25:11',
  label: 'track logs system:',
  timestamp: '2023-09-09T13:48:17.276Z'
}
{
  stringValue: `"{ title: '1111111' }"`,
  messageFormat: undefined,
  kind: 'ObjectId',
  value: { title: '1111111' },
  path: '_id',
  reason: BSONError: Argument passed in must be a string of 12 bytes or a string of 24 hex characters or an integer
      at new ObjectId (D:\Đồ án quản lý thư viện\library-magerment-server\node_modules\bson\src\objectid.ts:88:15)
      at castObjectId (D:\Đồ án quản lý thư viện\library-magerment-server\node_modules\mongoose\lib\cast\objectid.js:25:12)
      at ObjectId.cast (D:\Đồ án quản lý thư viện\library-magerment-server\node_modules\mongoose\lib\schema\objectid.js:248:12)
      at ObjectId.SchemaType.applySetters (D:\Đồ án quản lý thư viện\library-magerment-server\node_modules\mongoose\lib\schematype.js:1220:12)
      at ObjectId.SchemaType.castForQuery (D:\Đồ án quản lý thư viện\library-magerment-server\node_modules\mongoose\lib\schematype.js:1632:15)
      at cast (D:\Đồ án quản lý thư viện\library-magerment-server\node_modules\mongoose\lib\cast.js:298:34)
      at model.Query.Query.cast (D:\Đồ án quản lý thư viện\library-magerment-server\node_modules\mongoose\lib\query.js:4901:12)
      at model.Query.Query._castConditions (D:\Đồ án quản lý thư viện\library-magerment-server\node_modules\mongoose\lib\query.js:2224:10)
      at model.Query._findOneAndUpdate (D:\Đồ án quản lý thư viện\library-magerment-server\node_modules\mongoose\lib\query.js:3292:8)
      at model.Query.exec (D:\Đồ án quản lý thư viện\library-magerment-server\node_modules\mongoose\lib\query.js:4420:28),
  valueType: 'Object',
  model: Model { Blog },
  level: 'error',
  message: `Error uploading image: Cast to ObjectId failed for value "{ title: '1111111' }" (type Object) at path "_id" for model "Blog"`,
  stack: `CastError: Cast to ObjectId failed for value "{ title: '1111111' }" (type Object) at path "_id" for model "Blog"\n` +
    '    at ObjectId.cast (D:\\Đồ án quản lý thư viện\\library-magerment-server\\node_modules\\mongoose\\lib\\schema\\objectid.js:250:11)\n' +
    '    at ObjectId.SchemaType.applySetters (D:\\Đồ án quản lý thư viện\\library-magerment-server\\node_modules\\mongoose\\lib\\schematype.js:1220:12)\n' +
    '    at ObjectId.SchemaType.castForQuery (D:\\Đồ án quản lý thư viện\\library-magerment-server\\node_modules\\mongoose\\lib\\schematype.js:1632:15)\n' +
    '    at cast (D:\\Đồ án quản lý thư viện\\library-magerment-server\\node_modules\\mongoose\\lib\\cast.js:298:34)\n' +
    '    at model.Query.Query.cast (D:\\Đồ án quản lý thư viện\\library-magerment-server\\node_modules\\mongoose\\lib\\query.js:4901:12)\n' +
    '    at model.Query.Query._castConditions (D:\\Đồ án quản lý thư viện\\library-magerment-server\\node_modules\\mongoose\\lib\\query.js:2224:10)\n' +
    '    at model.Query._findOneAndUpdate (D:\\Đồ án quản lý thư viện\\library-magerment-server\\node_modules\\mongoose\\lib\\query.js:3292:8)\n' +
    '    at model.Query.exec (D:\\Đồ án quản lý thư viện\\library-magerment-server\\node_modules\\mongoose\\lib\\query.js:4420:28)\n' +
    '    at processTicksAndRejections (node:internal/process/task_queues:95:5)\n' +
    '    at async D:\\Đồ án quản lý thư viện\\library-magerment-server\\src\\service\\blog.service.ts:25:11',
  label: 'track logs system:',
  timestamp: '2023-09-09T13:48:59.362Z'
}
{
  stringValue: `"{ title: '1111111' }"`,
  messageFormat: undefined,
  kind: 'ObjectId',
  value: { title: '1111111' },
  path: '_id',
  reason: BSONError: Argument passed in must be a string of 12 bytes or a string of 24 hex characters or an integer
      at new ObjectId (D:\Đồ án quản lý thư viện\library-magerment-server\node_modules\bson\src\objectid.ts:88:15)
      at castObjectId (D:\Đồ án quản lý thư viện\library-magerment-server\node_modules\mongoose\lib\cast\objectid.js:25:12)
      at ObjectId.cast (D:\Đồ án quản lý thư viện\library-magerment-server\node_modules\mongoose\lib\schema\objectid.js:248:12)
      at ObjectId.SchemaType.applySetters (D:\Đồ án quản lý thư viện\library-magerment-server\node_modules\mongoose\lib\schematype.js:1220:12)
      at ObjectId.SchemaType.castForQuery (D:\Đồ án quản lý thư viện\library-magerment-server\node_modules\mongoose\lib\schematype.js:1632:15)
      at cast (D:\Đồ án quản lý thư viện\library-magerment-server\node_modules\mongoose\lib\cast.js:298:34)
      at model.Query.Query.cast (D:\Đồ án quản lý thư viện\library-magerment-server\node_modules\mongoose\lib\query.js:4901:12)
      at model.Query.Query._castConditions (D:\Đồ án quản lý thư viện\library-magerment-server\node_modules\mongoose\lib\query.js:2224:10)
      at model.Query._findOneAndUpdate (D:\Đồ án quản lý thư viện\library-magerment-server\node_modules\mongoose\lib\query.js:3292:8)
      at model.Query.exec (D:\Đồ án quản lý thư viện\library-magerment-server\node_modules\mongoose\lib\query.js:4420:28),
  valueType: 'Object',
  model: Model { Blog },
  level: 'error',
  message: `Error uploading image: Cast to ObjectId failed for value "{ title: '1111111' }" (type Object) at path "_id" for model "Blog"`,
  stack: `CastError: Cast to ObjectId failed for value "{ title: '1111111' }" (type Object) at path "_id" for model "Blog"\n` +
    '    at ObjectId.cast (D:\\Đồ án quản lý thư viện\\library-magerment-server\\node_modules\\mongoose\\lib\\schema\\objectid.js:250:11)\n' +
    '    at ObjectId.SchemaType.applySetters (D:\\Đồ án quản lý thư viện\\library-magerment-server\\node_modules\\mongoose\\lib\\schematype.js:1220:12)\n' +
    '    at ObjectId.SchemaType.castForQuery (D:\\Đồ án quản lý thư viện\\library-magerment-server\\node_modules\\mongoose\\lib\\schematype.js:1632:15)\n' +
    '    at cast (D:\\Đồ án quản lý thư viện\\library-magerment-server\\node_modules\\mongoose\\lib\\cast.js:298:34)\n' +
    '    at model.Query.Query.cast (D:\\Đồ án quản lý thư viện\\library-magerment-server\\node_modules\\mongoose\\lib\\query.js:4901:12)\n' +
    '    at model.Query.Query._castConditions (D:\\Đồ án quản lý thư viện\\library-magerment-server\\node_modules\\mongoose\\lib\\query.js:2224:10)\n' +
    '    at model.Query._findOneAndUpdate (D:\\Đồ án quản lý thư viện\\library-magerment-server\\node_modules\\mongoose\\lib\\query.js:3292:8)\n' +
    '    at model.Query.exec (D:\\Đồ án quản lý thư viện\\library-magerment-server\\node_modules\\mongoose\\lib\\query.js:4420:28)\n' +
    '    at processTicksAndRejections (node:internal/process/task_queues:95:5)\n' +
    '    at async D:\\Đồ án quản lý thư viện\\library-magerment-server\\src\\service\\blog.service.ts:24:23',
  label: 'track logs system:',
  timestamp: '2023-09-09T13:49:25.067Z'
}
{
  stringValue: `"{ title: '1111111' }"`,
  messageFormat: undefined,
  kind: 'ObjectId',
  value: { title: '1111111' },
  path: '_id',
  reason: BSONError: Argument passed in must be a string of 12 bytes or a string of 24 hex characters or an integer
      at new ObjectId (D:\Đồ án quản lý thư viện\library-magerment-server\node_modules\bson\src\objectid.ts:88:15)
      at castObjectId (D:\Đồ án quản lý thư viện\library-magerment-server\node_modules\mongoose\lib\cast\objectid.js:25:12)
      at ObjectId.cast (D:\Đồ án quản lý thư viện\library-magerment-server\node_modules\mongoose\lib\schema\objectid.js:248:12)
      at ObjectId.SchemaType.applySetters (D:\Đồ án quản lý thư viện\library-magerment-server\node_modules\mongoose\lib\schematype.js:1220:12)
      at ObjectId.SchemaType.castForQuery (D:\Đồ án quản lý thư viện\library-magerment-server\node_modules\mongoose\lib\schematype.js:1632:15)
      at cast (D:\Đồ án quản lý thư viện\library-magerment-server\node_modules\mongoose\lib\cast.js:298:34)
      at model.Query.Query.cast (D:\Đồ án quản lý thư viện\library-magerment-server\node_modules\mongoose\lib\query.js:4901:12)
      at model.Query.Query._castConditions (D:\Đồ án quản lý thư viện\library-magerment-server\node_modules\mongoose\lib\query.js:2224:10)
      at model.Query._findOneAndUpdate (D:\Đồ án quản lý thư viện\library-magerment-server\node_modules\mongoose\lib\query.js:3292:8)
      at model.Query.exec (D:\Đồ án quản lý thư viện\library-magerment-server\node_modules\mongoose\lib\query.js:4420:28),
  valueType: 'Object',
  model: Model { Blog },
  level: 'error',
  message: `Error uploading image: Cast to ObjectId failed for value "{ title: '1111111' }" (type Object) at path "_id" for model "Blog"`,
  stack: `CastError: Cast to ObjectId failed for value "{ title: '1111111' }" (type Object) at path "_id" for model "Blog"\n` +
    '    at ObjectId.cast (D:\\Đồ án quản lý thư viện\\library-magerment-server\\node_modules\\mongoose\\lib\\schema\\objectid.js:250:11)\n' +
    '    at ObjectId.SchemaType.applySetters (D:\\Đồ án quản lý thư viện\\library-magerment-server\\node_modules\\mongoose\\lib\\schematype.js:1220:12)\n' +
    '    at ObjectId.SchemaType.castForQuery (D:\\Đồ án quản lý thư viện\\library-magerment-server\\node_modules\\mongoose\\lib\\schematype.js:1632:15)\n' +
    '    at cast (D:\\Đồ án quản lý thư viện\\library-magerment-server\\node_modules\\mongoose\\lib\\cast.js:298:34)\n' +
    '    at model.Query.Query.cast (D:\\Đồ án quản lý thư viện\\library-magerment-server\\node_modules\\mongoose\\lib\\query.js:4901:12)\n' +
    '    at model.Query.Query._castConditions (D:\\Đồ án quản lý thư viện\\library-magerment-server\\node_modules\\mongoose\\lib\\query.js:2224:10)\n' +
    '    at model.Query._findOneAndUpdate (D:\\Đồ án quản lý thư viện\\library-magerment-server\\node_modules\\mongoose\\lib\\query.js:3292:8)\n' +
    '    at model.Query.exec (D:\\Đồ án quản lý thư viện\\library-magerment-server\\node_modules\\mongoose\\lib\\query.js:4420:28)\n' +
    '    at processTicksAndRejections (node:internal/process/task_queues:95:5)\n' +
    '    at async D:\\Đồ án quản lý thư viện\\library-magerment-server\\src\\service\\blog.service.ts:24:23',
  label: 'track logs system:',
  timestamp: '2023-09-09T13:50:34.739Z'
}
{
  message: 'Not found',
  level: 'error',
  label: 'track logs system:',
  timestamp: '2023-09-09T14:26:41.699Z'
}
{
  message: 'Not found',
  level: 'error',
  label: 'track logs system:',
  timestamp: '2023-09-09T14:26:41.869Z'
}
{
  message: 'Not found',
  level: 'error',
  label: 'track logs system:',
  timestamp: '2023-09-09T14:26:49.359Z'
}
{
  message: 'Not found',
  level: 'error',
  label: 'track logs system:',
  timestamp: '2023-09-09T14:26:49.594Z'
}
{
  message: 'Not found',
  level: 'error',
  label: 'track logs system:',
  timestamp: '2023-09-09T14:27:26.719Z'
}
{
  message: 'Not found',
  level: 'error',
  label: 'track logs system:',
  timestamp: '2023-09-09T14:27:26.898Z'
}
{
  message: 'Not found',
  level: 'error',
  label: 'track logs system:',
  timestamp: '2023-09-09T14:52:44.724Z'
}
{
  message: 'Not found',
  level: 'error',
  label: 'track logs system:',
  timestamp: '2023-09-09T14:52:51.263Z'
}
{
  message: 'Not found',
  level: 'error',
  label: 'track logs system:',
  timestamp: '2023-09-09T14:53:33.724Z'
}
{
  message: 'Not found',
  level: 'error',
  label: 'track logs system:',
  timestamp: '2023-09-09T14:53:34.650Z'
}
{
  message: 'Not found',
  level: 'error',
  label: 'track logs system:',
  timestamp: '2023-09-09T14:53:35.067Z'
}
{
  message: 'Not found',
  level: 'error',
  label: 'track logs system:',
  timestamp: '2023-09-09T14:55:12.725Z'
}
{
  message: 'Not found',
  level: 'error',
  label: 'track logs system:',
  timestamp: '2023-09-09T14:55:50.503Z'
}
{
  message: 'Not found',
  level: 'error',
  label: 'track logs system:',
  timestamp: '2023-09-09T14:56:13.152Z'
}
{
  message: 'Not found',
  level: 'error',
  label: 'track logs system:',
  timestamp: '2023-09-09T14:56:52.480Z'
}
{
  message: 'Not found',
  level: 'error',
  label: 'track logs system:',
  timestamp: '2023-09-09T14:57:00.237Z'
}
{
  message: 'Not found',
  level: 'error',
  label: 'track logs system:',
  timestamp: '2023-09-09T14:57:09.909Z'
}
{
  message: 'Not found',
  level: 'error',
  label: 'track logs system:',
  timestamp: '2023-09-09T14:57:12.895Z'
}
{
  message: 'Not found',
  level: 'error',
  label: 'track logs system:',
  timestamp: '2023-09-09T14:57:16.024Z'
}
{
  message: 'Not found',
  level: 'error',
  label: 'track logs system:',
  timestamp: '2023-09-09T14:57:36.414Z'
}
{
  message: 'Not found',
  level: 'error',
  label: 'track logs system:',
  timestamp: '2023-09-09T14:58:08.183Z'
}
{
  message: 'Not found',
  level: 'error',
  label: 'track logs system:',
  timestamp: '2023-09-09T14:58:55.398Z'
}
{
  message: 'Not found',
  level: 'error',
  label: 'track logs system:',
  timestamp: '2023-09-09T14:58:57.886Z'
}
{
  message: 'Not found',
  level: 'error',
  label: 'track logs system:',
  timestamp: '2023-09-09T14:59:45.032Z'
}
{
  message: 'Not found',
  level: 'error',
  label: 'track logs system:',
  timestamp: '2023-09-09T14:59:46.731Z'
}
{
  message: 'Not found',
  level: 'error',
  label: 'track logs system:',
  timestamp: '2023-09-09T14:59:47.641Z'
}
{
  message: 'Not found',
  level: 'error',
  label: 'track logs system:',
  timestamp: '2023-09-09T14:59:47.835Z'
}
{
  message: 'Not found',
  level: 'error',
  label: 'track logs system:',
  timestamp: '2023-09-09T14:59:47.980Z'
}
{
  message: 'Not found',
  level: 'error',
  label: 'track logs system:',
  timestamp: '2023-09-09T14:59:48.171Z'
}
{
  message: 'Not found',
  level: 'error',
  label: 'track logs system:',
  timestamp: '2023-09-09T14:59:48.339Z'
}
{
  message: 'Not found',
  level: 'error',
  label: 'track logs system:',
  timestamp: '2023-09-09T14:59:48.514Z'
}
{
  message: 'Not found',
  level: 'error',
  label: 'track logs system:',
  timestamp: '2023-09-09T14:59:48.690Z'
}
{
  message: 'Not found',
  level: 'error',
  label: 'track logs system:',
  timestamp: '2023-09-09T14:59:48.879Z'
}
{
  message: 'Not found',
  level: 'error',
  label: 'track logs system:',
  timestamp: '2023-09-09T14:59:57.407Z'
}
{
  message: 'Not found',
  level: 'error',
  label: 'track logs system:',
  timestamp: '2023-09-09T14:59:58.570Z'
}
{
  message: 'Not found',
  level: 'error',
  label: 'track logs system:',
  timestamp: '2023-09-09T15:00:06.011Z'
}
{
  message: 'Not found',
  level: 'error',
  label: 'track logs system:',
  timestamp: '2023-09-09T15:00:30.575Z'
}
{
  message: 'Not found',
  level: 'error',
  label: 'track logs system:',
  timestamp: '2023-09-09T16:19:11.159Z'
}
{
  message: 'Not found',
  level: 'error',
  label: 'track logs system:',
  timestamp: '2023-09-09T16:19:56.394Z'
}
{
  message: 'Not found',
  level: 'error',
  label: 'track logs system:',
  timestamp: '2023-09-09T16:19:58.252Z'
}
{
  message: 'Not found',
  level: 'error',
  label: 'track logs system:',
  timestamp: '2023-09-09T16:20:38.959Z'
}
{
  message: 'Not found',
  level: 'error',
  label: 'track logs system:',
  timestamp: '2023-09-09T16:20:44.610Z'
}
