{
  message: 'Not found',
  level: 'error',
  label: 'track logs system:',
  timestamp: '2023-10-04T01:43:49.314Z'
}
{
  message: 'Not found',
  level: 'error',
  label: 'track logs system:',
  timestamp: '2023-10-04T01:43:51.306Z'
}
{
  message: 'Not found',
  level: 'error',
  label: 'track logs system:',
  timestamp: '2023-10-04T01:43:53.098Z'
}
{
  message: 'Not found',
  level: 'error',
  label: 'track logs system:',
  timestamp: '2023-10-04T01:43:55.419Z'
}
{
  message: 'Not found',
  level: 'error',
  label: 'track logs system:',
  timestamp: '2023-10-04T01:44:00.439Z'
}
{
  message: 'Not found',
  level: 'error',
  label: 'track logs system:',
  timestamp: '2023-10-04T01:44:05.624Z'
}
{
  message: 'Not found',
  level: 'error',
  label: 'track logs system:',
  timestamp: '2023-10-04T01:44:10.707Z'
}
{
  message: 'Not found',
  level: 'error',
  label: 'track logs system:',
  timestamp: '2023-10-04T01:44:15.775Z'
}
{
  message: 'Not found',
  level: 'error',
  label: 'track logs system:',
  timestamp: '2023-10-04T01:44:20.805Z'
}
{
  message: 'Not found',
  level: 'error',
  label: 'track logs system:',
  timestamp: '2023-10-04T01:44:27.488Z'
}
{
  message: 'Not found',
  level: 'error',
  label: 'track logs system:',
  timestamp: '2023-10-04T01:44:32.572Z'
}
{
  message: 'Not found',
  level: 'error',
  label: 'track logs system:',
  timestamp: '2023-10-04T01:44:37.611Z'
}
{
  message: 'Not found',
  level: 'error',
  label: 'track logs system:',
  timestamp: '2023-10-04T01:44:42.325Z'
}
{
  message: 'Not found',
  level: 'error',
  label: 'track logs system:',
  timestamp: '2023-10-04T01:44:43.584Z'
}
{
  message: 'Not found',
  level: 'error',
  label: 'track logs system:',
  timestamp: '2023-10-04T01:44:43.637Z'
}
{
  message: 'Not found',
  level: 'error',
  label: 'track logs system:',
  timestamp: '2023-10-04T01:44:49.745Z'
}
{
  message: 'Not found',
  level: 'error',
  label: 'track logs system:',
  timestamp: '2023-10-04T01:44:55.763Z'
}
{
  message: 'Not found',
  level: 'error',
  label: 'track logs system:',
  timestamp: '2023-10-04T01:45:01.776Z'
}
{
  message: 'Not found',
  level: 'error',
  label: 'track logs system:',
  timestamp: '2023-10-04T01:45:07.747Z'
}
{
  message: 'Not found',
  level: 'error',
  label: 'track logs system:',
  timestamp: '2023-10-04T01:45:13.788Z'
}
{
  message: 'Not found',
  level: 'error',
  label: 'track logs system:',
  timestamp: '2023-10-04T01:45:19.745Z'
}
{
  message: 'Not found',
  level: 'error',
  label: 'track logs system:',
  timestamp: '2023-10-04T01:45:25.738Z'
}
{
  message: 'Not found',
  level: 'error',
  label: 'track logs system:',
  timestamp: '2023-10-04T01:45:31.723Z'
}
{
  message: 'Not found',
  level: 'error',
  label: 'track logs system:',
  timestamp: '2023-10-04T01:45:37.615Z'
}
{
  message: 'Not found',
  level: 'error',
  label: 'track logs system:',
  timestamp: '2023-10-04T01:45:41.418Z'
}
{
  message: 'Not found',
  level: 'error',
  label: 'track logs system:',
  timestamp: '2023-10-04T01:46:08.078Z'
}
{
  message: 'Not found',
  level: 'error',
  label: 'track logs system:',
  timestamp: '2023-10-04T01:52:21.498Z'
}
{
  message: 'Not found',
  level: 'error',
  label: 'track logs system:',
  timestamp: '2023-10-04T01:52:21.504Z'
}
{
  message: 'Not found',
  level: 'error',
  label: 'track logs system:',
  timestamp: '2023-10-04T01:52:23.610Z'
}
{
  message: 'Not found',
  level: 'error',
  label: 'track logs system:',
  timestamp: '2023-10-04T01:52:23.611Z'
}
{
  message: 'Not found',
  level: 'error',
  label: 'track logs system:',
  timestamp: '2023-10-04T01:52:24.784Z'
}
{
  message: 'Not found',
  level: 'error',
  label: 'track logs system:',
  timestamp: '2023-10-04T01:52:25.629Z'
}
{
  message: 'Not found',
  level: 'error',
  label: 'track logs system:',
  timestamp: '2023-10-04T01:52:27.122Z'
}
{
  message: 'Not found',
  level: 'error',
  label: 'track logs system:',
  timestamp: '2023-10-04T01:52:29.614Z'
}
{
  message: 'Not found',
  level: 'error',
  label: 'track logs system:',
  timestamp: '2023-10-04T01:52:31.764Z'
}
{
  message: 'Not found',
  level: 'error',
  label: 'track logs system:',
  timestamp: '2023-10-04T01:52:35.625Z'
}
{
  message: 'Not found',
  level: 'error',
  label: 'track logs system:',
  timestamp: '2023-10-04T01:52:36.783Z'
}
{
  message: 'Not found',
  level: 'error',
  label: 'track logs system:',
  timestamp: '2023-10-04T01:52:41.618Z'
}
{
  message: 'Not found',
  level: 'error',
  label: 'track logs system:',
  timestamp: '2023-10-04T01:52:41.883Z'
}
{
  message: 'Not found',
  level: 'error',
  label: 'track logs system:',
  timestamp: '2023-10-04T01:52:46.895Z'
}
{
  message: 'Not found',
  level: 'error',
  label: 'track logs system:',
  timestamp: '2023-10-04T01:52:47.615Z'
}
{
  message: 'Not found',
  level: 'error',
  label: 'track logs system:',
  timestamp: '2023-10-04T01:52:51.983Z'
}
{
  message: 'Not found',
  level: 'error',
  label: 'track logs system:',
  timestamp: '2023-10-04T01:52:53.626Z'
}
{
  message: 'Not found',
  level: 'error',
  label: 'track logs system:',
  timestamp: '2023-10-04T01:52:57.002Z'
}
{
  message: 'Not found',
  level: 'error',
  label: 'track logs system:',
  timestamp: '2023-10-04T01:52:59.626Z'
}
{
  message: 'Not found',
  level: 'error',
  label: 'track logs system:',
  timestamp: '2023-10-04T01:53:02.252Z'
}
{
  message: 'Not found',
  level: 'error',
  label: 'track logs system:',
  timestamp: '2023-10-04T01:53:06.754Z'
}
{
  message: 'Not found',
  level: 'error',
  label: 'track logs system:',
  timestamp: '2023-10-04T01:53:07.281Z'
}
{
  message: 'Not found',
  level: 'error',
  label: 'track logs system:',
  timestamp: '2023-10-04T01:53:12.553Z'
}
{
  message: 'Not found',
  level: 'error',
  label: 'track logs system:',
  timestamp: '2023-10-04T01:53:17.579Z'
}
{
  message: 'Not found',
  level: 'error',
  label: 'track logs system:',
  timestamp: '2023-10-04T01:53:22.667Z'
}
{
  message: 'Not found',
  level: 'error',
  label: 'track logs system:',
  timestamp: '2023-10-04T01:53:23.146Z'
}
{
  message: 'Not found',
  level: 'error',
  label: 'track logs system:',
  timestamp: '2023-10-04T01:53:28.619Z'
}
{
  message: 'Not found',
  level: 'error',
  label: 'track logs system:',
  timestamp: '2023-10-04T01:53:28.737Z'
}
{
  message: 'Not found',
  level: 'error',
  label: 'track logs system:',
  timestamp: '2023-10-04T01:53:34.761Z'
}
{
  message: 'Not found',
  level: 'error',
  label: 'track logs system:',
  timestamp: '2023-10-04T01:53:40.614Z'
}
{
  message: 'Not found',
  level: 'error',
  label: 'track logs system:',
  timestamp: '2023-10-04T01:53:46.756Z'
}
{
  message: 'Not found',
  level: 'error',
  label: 'track logs system:',
  timestamp: '2023-10-04T01:53:52.724Z'
}
{
  message: 'Not found',
  level: 'error',
  label: 'track logs system:',
  timestamp: '2023-10-04T01:53:57.065Z'
}
{
  message: 'Not found',
  level: 'error',
  label: 'track logs system:',
  timestamp: '2023-10-04T01:53:58.741Z'
}
{
  message: 'Not found',
  level: 'error',
  label: 'track logs system:',
  timestamp: '2023-10-04T01:54:04.742Z'
}
{
  message: 'Not found',
  level: 'error',
  label: 'track logs system:',
  timestamp: '2023-10-04T01:54:10.774Z'
}
{
  message: 'Not found',
  level: 'error',
  label: 'track logs system:',
  timestamp: '2023-10-04T01:54:12.133Z'
}
{
  message: 'Not found',
  level: 'error',
  label: 'track logs system:',
  timestamp: '2023-10-04T01:54:16.700Z'
}
{
  message: 'Not found',
  level: 'error',
  label: 'track logs system:',
  timestamp: '2023-10-04T01:54:17.801Z'
}
{
  message: 'Not found',
  level: 'error',
  label: 'track logs system:',
  timestamp: '2023-10-04T01:54:22.756Z'
}
{
  message: 'Not found',
  level: 'error',
  label: 'track logs system:',
  timestamp: '2023-10-04T01:54:28.746Z'
}
{
  message: 'Not found',
  level: 'error',
  label: 'track logs system:',
  timestamp: '2023-10-04T01:54:34.628Z'
}
{
  message: 'Not found',
  level: 'error',
  label: 'track logs system:',
  timestamp: '2023-10-04T01:54:36.751Z'
}
{
  message: 'Not found',
  level: 'error',
  label: 'track logs system:',
  timestamp: '2023-10-04T01:54:40.731Z'
}
{
  message: 'Not found',
  level: 'error',
  label: 'track logs system:',
  timestamp: '2023-10-04T01:54:46.612Z'
}
{
  message: 'Not found',
  level: 'error',
  label: 'track logs system:',
  timestamp: '2023-10-04T01:54:52.751Z'
}
{
  message: 'Not found',
  level: 'error',
  label: 'track logs system:',
  timestamp: '2023-10-04T01:54:58.748Z'
}
{
  message: 'Not found',
  level: 'error',
  label: 'track logs system:',
  timestamp: '2023-10-04T01:55:04.730Z'
}
{
  message: 'Not found',
  level: 'error',
  label: 'track logs system:',
  timestamp: '2023-10-04T01:55:10.865Z'
}
{
  message: 'Not found',
  level: 'error',
  label: 'track logs system:',
  timestamp: '2023-10-04T01:55:16.758Z'
}
{
  message: 'Not found',
  level: 'error',
  label: 'track logs system:',
  timestamp: '2023-10-04T01:55:20.978Z'
}
{
  message: 'Not found',
  level: 'error',
  label: 'track logs system:',
  timestamp: '2023-10-04T01:55:22.748Z'
}
{
  message: 'Not found',
  level: 'error',
  label: 'track logs system:',
  timestamp: '2023-10-04T01:55:28.622Z'
}
{
  message: 'Not found',
  level: 'error',
  label: 'track logs system:',
  timestamp: '2023-10-04T01:55:34.619Z'
}
{
  message: 'Not found',
  level: 'error',
  label: 'track logs system:',
  timestamp: '2023-10-04T01:55:40.628Z'
}
{
  message: 'Not found',
  level: 'error',
  label: 'track logs system:',
  timestamp: '2023-10-04T01:55:46.671Z'
}
{
  message: 'Not found',
  level: 'error',
  label: 'track logs system:',
  timestamp: '2023-10-04T01:55:52.629Z'
}
{
  message: 'Not found',
  level: 'error',
  label: 'track logs system:',
  timestamp: '2023-10-04T01:55:58.716Z'
}
{
  message: 'Not found',
  level: 'error',
  label: 'track logs system:',
  timestamp: '2023-10-04T01:56:04.630Z'
}
{
  message: 'Not found',
  level: 'error',
  label: 'track logs system:',
  timestamp: '2023-10-04T01:56:04.976Z'
}
{
  message: 'Not found',
  level: 'error',
  label: 'track logs system:',
  timestamp: '2023-10-04T01:56:10.819Z'
}
{
  message: 'Not found',
  level: 'error',
  label: 'track logs system:',
  timestamp: '2023-10-04T01:56:47.713Z'
}
{
  message: 'Not found',
  level: 'error',
  label: 'track logs system:',
  timestamp: '2023-10-04T01:56:48.417Z'
}
{
  message: 'Not found',
  level: 'error',
  label: 'track logs system:',
  timestamp: '2023-10-04T01:57:08.865Z'
}
{
  message: 'Not found',
  level: 'error',
  label: 'track logs system:',
  timestamp: '2023-10-04T01:57:14.847Z'
}
{
  message: 'Not found',
  level: 'error',
  label: 'track logs system:',
  timestamp: '2023-10-04T01:57:19.873Z'
}
{
  message: 'Not found',
  level: 'error',
  label: 'track logs system:',
  timestamp: '2023-10-04T01:57:24.908Z'
}
{
  message: 'Not found',
  level: 'error',
  label: 'track logs system:',
  timestamp: '2023-10-04T01:57:29.942Z'
}
{
  message: 'Not found',
  level: 'error',
  label: 'track logs system:',
  timestamp: '2023-10-04T01:57:32.329Z'
}
{
  message: 'Not found',
  level: 'error',
  label: 'track logs system:',
  timestamp: '2023-10-04T01:57:34.958Z'
}
{
  message: 'Not found',
  level: 'error',
  label: 'track logs system:',
  timestamp: '2023-10-04T01:57:40.038Z'
}
{
  message: 'Not found',
  level: 'error',
  label: 'track logs system:',
  timestamp: '2023-10-04T01:57:45.550Z'
}
{
  message: 'Not found',
  level: 'error',
  label: 'track logs system:',
  timestamp: '2023-10-04T01:57:50.627Z'
}
{
  message: 'Not found',
  level: 'error',
  label: 'track logs system:',
  timestamp: '2023-10-04T01:58:11.254Z'
}
{
  message: 'Not found',
  level: 'error',
  label: 'track logs system:',
  timestamp: '2023-10-04T01:58:16.622Z'
}
{
  message: 'Not found',
  level: 'error',
  label: 'track logs system:',
  timestamp: '2023-10-04T01:58:16.648Z'
}
{
  message: 'Not found',
  level: 'error',
  label: 'track logs system:',
  timestamp: '2023-10-04T01:58:22.610Z'
}
{
  message: 'Not found',
  level: 'error',
  label: 'track logs system:',
  timestamp: '2023-10-04T01:58:28.613Z'
}
{
  message: 'Not found',
  level: 'error',
  label: 'track logs system:',
  timestamp: '2023-10-04T01:58:34.616Z'
}
{
  message: 'Not found',
  level: 'error',
  label: 'track logs system:',
  timestamp: '2023-10-04T01:58:40.615Z'
}
{
  message: 'Not found',
  level: 'error',
  label: 'track logs system:',
  timestamp: '2023-10-04T01:58:46.618Z'
}
{
  message: 'Not found',
  level: 'error',
  label: 'track logs system:',
  timestamp: '2023-10-04T01:58:52.623Z'
}
{
  message: 'Not found',
  level: 'error',
  label: 'track logs system:',
  timestamp: '2023-10-04T01:58:56.245Z'
}
{
  message: 'Not found',
  level: 'error',
  label: 'track logs system:',
  timestamp: '2023-10-04T01:58:58.621Z'
}
{
  message: 'Not found',
  level: 'error',
  label: 'track logs system:',
  timestamp: '2023-10-04T01:59:04.624Z'
}
{
  message: 'Not found',
  level: 'error',
  label: 'track logs system:',
  timestamp: '2023-10-04T01:59:10.632Z'
}
{
  message: 'Not found',
  level: 'error',
  label: 'track logs system:',
  timestamp: '2023-10-04T01:59:16.626Z'
}
{
  message: 'Not found',
  level: 'error',
  label: 'track logs system:',
  timestamp: '2023-10-04T01:59:22.622Z'
}
{
  message: 'Not found',
  level: 'error',
  label: 'track logs system:',
  timestamp: '2023-10-04T01:59:28.614Z'
}
{
  message: 'Not found',
  level: 'error',
  label: 'track logs system:',
  timestamp: '2023-10-04T01:59:34.617Z'
}
{
  message: 'Not found',
  level: 'error',
  label: 'track logs system:',
  timestamp: '2023-10-04T01:59:34.745Z'
}
{
  message: 'Not found',
  level: 'error',
  label: 'track logs system:',
  timestamp: '2023-10-04T01:59:40.627Z'
}
{
  message: 'Not found',
  level: 'error',
  label: 'track logs system:',
  timestamp: '2023-10-04T01:59:46.617Z'
}
{
  message: 'Not found',
  level: 'error',
  label: 'track logs system:',
  timestamp: '2023-10-04T01:59:51.642Z'
}
{
  message: 'Not found',
  level: 'error',
  label: 'track logs system:',
  timestamp: '2023-10-04T01:59:57.624Z'
}
{
  message: 'Not found',
  level: 'error',
  label: 'track logs system:',
  timestamp: '2023-10-04T02:00:03.620Z'
}
{
  message: 'Not found',
  level: 'error',
  label: 'track logs system:',
  timestamp: '2023-10-04T02:00:09.618Z'
}
{
  message: 'Not found',
  level: 'error',
  label: 'track logs system:',
  timestamp: '2023-10-04T02:00:20.621Z'
}
{
  message: 'Not found',
  level: 'error',
  label: 'track logs system:',
  timestamp: '2023-10-04T02:00:25.425Z'
}
{
  message: 'Not found',
  level: 'error',
  label: 'track logs system:',
  timestamp: '2023-10-04T02:00:26.622Z'
}
{
  message: 'Not found',
  level: 'error',
  label: 'track logs system:',
  timestamp: '2023-10-04T02:00:32.606Z'
}
{
  message: 'Not found',
  level: 'error',
  label: 'track logs system:',
  timestamp: '2023-10-04T02:00:37.618Z'
}
{
  message: 'Not found',
  level: 'error',
  label: 'track logs system:',
  timestamp: '2023-10-04T02:00:43.619Z'
}
{
  message: 'Not found',
  level: 'error',
  label: 'track logs system:',
  timestamp: '2023-10-04T02:00:49.616Z'
}
{
  message: 'Not found',
  level: 'error',
  label: 'track logs system:',
  timestamp: '2023-10-04T02:00:55.620Z'
}
{
  message: 'Not found',
  level: 'error',
  label: 'track logs system:',
  timestamp: '2023-10-04T02:01:01.611Z'
}
{
  message: 'Not found',
  level: 'error',
  label: 'track logs system:',
  timestamp: '2023-10-04T02:01:07.614Z'
}
{
  message: 'Not found',
  level: 'error',
  label: 'track logs system:',
  timestamp: '2023-10-04T02:01:08.189Z'
}
{
  message: 'Not found',
  level: 'error',
  label: 'track logs system:',
  timestamp: '2023-10-04T02:01:13.625Z'
}
{
  message: 'Not found',
  level: 'error',
  label: 'track logs system:',
  timestamp: '2023-10-04T02:01:19.627Z'
}
{
  message: 'Not found',
  level: 'error',
  label: 'track logs system:',
  timestamp: '2023-10-04T02:01:24.646Z'
}
{
  message: 'Not found',
  level: 'error',
  label: 'track logs system:',
  timestamp: '2023-10-04T02:01:30.622Z'
}
{
  message: 'Not found',
  level: 'error',
  label: 'track logs system:',
  timestamp: '2023-10-04T02:01:36.621Z'
}
{
  message: 'Not found',
  level: 'error',
  label: 'track logs system:',
  timestamp: '2023-10-04T02:01:42.619Z'
}
{
  message: 'Not found',
  level: 'error',
  label: 'track logs system:',
  timestamp: '2023-10-04T02:01:48.299Z'
}
{
  message: 'Not found',
  level: 'error',
  label: 'track logs system:',
  timestamp: '2023-10-04T02:01:48.612Z'
}
{
  message: 'Not found',
  level: 'error',
  label: 'track logs system:',
  timestamp: '2023-10-04T02:01:53.794Z'
}
{
  message: 'Not found',
  level: 'error',
  label: 'track logs system:',
  timestamp: '2023-10-04T02:01:54.622Z'
}
{
  message: 'Not found',
  level: 'error',
  label: 'track logs system:',
  timestamp: '2023-10-04T02:02:00.623Z'
}
{
  message: 'Not found',
  level: 'error',
  label: 'track logs system:',
  timestamp: '2023-10-04T02:02:06.631Z'
}
{
  message: 'Not found',
  level: 'error',
  label: 'track logs system:',
  timestamp: '2023-10-04T02:02:12.629Z'
}
{
  message: 'Not found',
  level: 'error',
  label: 'track logs system:',
  timestamp: '2023-10-04T02:02:18.619Z'
}
{
  message: 'Not found',
  level: 'error',
  label: 'track logs system:',
  timestamp: '2023-10-04T02:02:19.677Z'
}
{
  message: 'Not found',
  level: 'error',
  label: 'track logs system:',
  timestamp: '2023-10-04T02:02:24.621Z'
}
{
  message: 'Not found',
  level: 'error',
  label: 'track logs system:',
  timestamp: '2023-10-04T02:02:30.624Z'
}
{
  message: 'Not found',
  level: 'error',
  label: 'track logs system:',
  timestamp: '2023-10-04T02:02:36.617Z'
}
{
  message: 'Not found',
  level: 'error',
  label: 'track logs system:',
  timestamp: '2023-10-04T02:02:42.614Z'
}
{
  message: 'Not found',
  level: 'error',
  label: 'track logs system:',
  timestamp: '2023-10-04T02:02:48.652Z'
}
{
  message: 'Not found',
  level: 'error',
  label: 'track logs system:',
  timestamp: '2023-10-04T02:02:54.617Z'
}
{
  message: 'Not found',
  level: 'error',
  label: 'track logs system:',
  timestamp: '2023-10-04T02:03:00.620Z'
}
{
  message: 'Not found',
  level: 'error',
  label: 'track logs system:',
  timestamp: '2023-10-04T02:03:00.819Z'
}
{
  message: 'Not found',
  level: 'error',
  label: 'track logs system:',
  timestamp: '2023-10-04T02:03:06.612Z'
}
{
  message: 'Not found',
  level: 'error',
  label: 'track logs system:',
  timestamp: '2023-10-04T02:03:12.615Z'
}
{
  message: 'Not found',
  level: 'error',
  label: 'track logs system:',
  timestamp: '2023-10-04T02:03:18.615Z'
}
{
  message: 'Not found',
  level: 'error',
  label: 'track logs system:',
  timestamp: '2023-10-04T02:03:24.617Z'
}
{
  message: 'Not found',
  level: 'error',
  label: 'track logs system:',
  timestamp: '2023-10-04T02:03:30.621Z'
}
{
  message: 'Not found',
  level: 'error',
  label: 'track logs system:',
  timestamp: '2023-10-04T02:03:34.473Z'
}
{
  message: 'Not found',
  level: 'error',
  label: 'track logs system:',
  timestamp: '2023-10-04T02:03:36.620Z'
}
{
  message: 'Not found',
  level: 'error',
  label: 'track logs system:',
  timestamp: '2023-10-04T02:03:39.504Z'
}
{
  message: 'Not found',
  level: 'error',
  label: 'track logs system:',
  timestamp: '2023-10-04T02:03:42.614Z'
}
{
  message: 'Not found',
  level: 'error',
  label: 'track logs system:',
  timestamp: '2023-10-04T02:03:44.526Z'
}
{
  message: 'Not found',
  level: 'error',
  label: 'track logs system:',
  timestamp: '2023-10-04T02:03:48.613Z'
}
{
  message: 'Not found',
  level: 'error',
  label: 'track logs system:',
  timestamp: '2023-10-04T02:03:49.554Z'
}
{
  message: 'Not found',
  level: 'error',
  label: 'track logs system:',
  timestamp: '2023-10-04T02:03:54.611Z'
}
{
  message: 'Not found',
  level: 'error',
  label: 'track logs system:',
  timestamp: '2023-10-04T02:03:54.639Z'
}
{
  message: 'Not found',
  level: 'error',
  label: 'track logs system:',
  timestamp: '2023-10-04T02:03:59.707Z'
}
{
  message: 'Not found',
  level: 'error',
  label: 'track logs system:',
  timestamp: '2023-10-04T02:04:00.628Z'
}
{
  message: 'Not found',
  level: 'error',
  label: 'track logs system:',
  timestamp: '2023-10-04T02:04:04.810Z'
}
{
  message: 'Not found',
  level: 'error',
  label: 'track logs system:',
  timestamp: '2023-10-04T02:04:06.626Z'
}
{
  message: 'Not found',
  level: 'error',
  label: 'track logs system:',
  timestamp: '2023-10-04T02:04:10.726Z'
}
{
  message: 'Not found',
  level: 'error',
  label: 'track logs system:',
  timestamp: '2023-10-04T02:04:12.659Z'
}
{
  message: 'Not found',
  level: 'error',
  label: 'track logs system:',
  timestamp: '2023-10-04T02:04:16.819Z'
}
{
  message: 'Not found',
  level: 'error',
  label: 'track logs system:',
  timestamp: '2023-10-04T02:04:17.677Z'
}
{
  message: 'Not found',
  level: 'error',
  label: 'track logs system:',
  timestamp: '2023-10-04T02:04:21.917Z'
}
{
  message: 'Not found',
  level: 'error',
  label: 'track logs system:',
  timestamp: '2023-10-04T02:04:23.624Z'
}
{
  message: 'Not found',
  level: 'error',
  label: 'track logs system:',
  timestamp: '2023-10-04T02:04:27.718Z'
}
{
  message: 'Not found',
  level: 'error',
  label: 'track logs system:',
  timestamp: '2023-10-04T02:04:29.610Z'
}
{
  message: 'Not found',
  level: 'error',
  label: 'track logs system:',
  timestamp: '2023-10-04T02:04:35.618Z'
}
{
  message: 'Not found',
  level: 'error',
  label: 'track logs system:',
  timestamp: '2023-10-04T02:04:38.662Z'
}
{
  message: 'Not found',
  level: 'error',
  label: 'track logs system:',
  timestamp: '2023-10-04T02:04:41.610Z'
}
{
  message: 'Not found',
  level: 'error',
  label: 'track logs system:',
  timestamp: '2023-10-04T02:04:44.745Z'
}
{
  message: 'Not found',
  level: 'error',
  label: 'track logs system:',
  timestamp: '2023-10-04T02:04:47.614Z'
}
{
  message: 'Not found',
  level: 'error',
  label: 'track logs system:',
  timestamp: '2023-10-04T02:04:53.618Z'
}
{
  message: 'Not found',
  level: 'error',
  label: 'track logs system:',
  timestamp: '2023-10-04T02:04:59.628Z'
}
{
  message: 'Not found',
  level: 'error',
  label: 'track logs system:',
  timestamp: '2023-10-04T02:05:04.756Z'
}
{
  message: 'Not found',
  level: 'error',
  label: 'track logs system:',
  timestamp: '2023-10-04T02:05:05.626Z'
}
{
  message: 'Not found',
  level: 'error',
  label: 'track logs system:',
  timestamp: '2023-10-04T02:05:11.619Z'
}
{
  message: 'Not found',
  level: 'error',
  label: 'track logs system:',
  timestamp: '2023-10-04T02:05:17.617Z'
}
{
  message: 'Not found',
  level: 'error',
  label: 'track logs system:',
  timestamp: '2023-10-04T02:05:23.620Z'
}
{
  message: 'Not found',
  level: 'error',
  label: 'track logs system:',
  timestamp: '2023-10-04T02:05:29.616Z'
}
{
  message: 'Not found',
  level: 'error',
  label: 'track logs system:',
  timestamp: '2023-10-04T02:05:30.845Z'
}
{
  message: 'Not found',
  level: 'error',
  label: 'track logs system:',
  timestamp: '2023-10-04T02:05:35.620Z'
}
{
  message: 'Not found',
  level: 'error',
  label: 'track logs system:',
  timestamp: '2023-10-04T02:05:41.614Z'
}
{
  message: 'Not found',
  level: 'error',
  label: 'track logs system:',
  timestamp: '2023-10-04T02:05:47.618Z'
}
{
  message: 'Not found',
  level: 'error',
  label: 'track logs system:',
  timestamp: '2023-10-04T02:05:53.624Z'
}
{
  message: 'Not found',
  level: 'error',
  label: 'track logs system:',
  timestamp: '2023-10-04T02:05:55.429Z'
}
{
  message: 'Not found',
  level: 'error',
  label: 'track logs system:',
  timestamp: '2023-10-04T02:05:59.094Z'
}
{
  message: 'Not found',
  level: 'error',
  label: 'track logs system:',
  timestamp: '2023-10-04T02:06:04.136Z'
}
{
  message: 'Not found',
  level: 'error',
  label: 'track logs system:',
  timestamp: '2023-10-04T02:06:07.282Z'
}
{
  message: 'Not found',
  level: 'error',
  label: 'track logs system:',
  timestamp: '2023-10-04T02:06:11.412Z'
}
{
  message: 'Not found',
  level: 'error',
  label: 'track logs system:',
  timestamp: '2023-10-04T02:06:13.978Z'
}
{
  message: 'Not found',
  level: 'error',
  label: 'track logs system:',
  timestamp: '2023-10-04T02:06:15.055Z'
}
{
  message: 'Not found',
  level: 'error',
  label: 'track logs system:',
  timestamp: '2023-10-04T02:06:16.068Z'
}
{
  message: 'Not found',
  level: 'error',
  label: 'track logs system:',
  timestamp: '2023-10-04T02:06:21.080Z'
}
{
  message: 'Not found',
  level: 'error',
  label: 'track logs system:',
  timestamp: '2023-10-04T02:06:26.104Z'
}
{
  message: 'Not found',
  level: 'error',
  label: 'track logs system:',
  timestamp: '2023-10-04T02:06:31.626Z'
}
{
  message: 'Not found',
  level: 'error',
  label: 'track logs system:',
  timestamp: '2023-10-04T02:06:38.311Z'
}
{
  message: 'Not found',
  level: 'error',
  label: 'track logs system:',
  timestamp: '2023-10-04T02:06:43.411Z'
}
{
  message: 'Not found',
  level: 'error',
  label: 'track logs system:',
  timestamp: '2023-10-04T02:06:48.431Z'
}
{
  message: 'Not found',
  level: 'error',
  label: 'track logs system:',
  timestamp: '2023-10-04T02:06:50.745Z'
}
{
  message: 'Not found',
  level: 'error',
  label: 'track logs system:',
  timestamp: '2023-10-04T02:06:53.448Z'
}
{
  message: 'Not found',
  level: 'error',
  label: 'track logs system:',
  timestamp: '2023-10-04T02:06:58.617Z'
}
{
  message: 'Not found',
  level: 'error',
  label: 'track logs system:',
  timestamp: '2023-10-04T02:07:04.621Z'
}
{
  message: 'Not found',
  level: 'error',
  label: 'track logs system:',
  timestamp: '2023-10-04T02:07:10.618Z'
}
{
  message: 'Not found',
  level: 'error',
  label: 'track logs system:',
  timestamp: '2023-10-04T02:07:16.618Z'
}
{
  message: 'Not found',
  level: 'error',
  label: 'track logs system:',
  timestamp: '2023-10-04T02:07:16.880Z'
}
{
  message: 'Not found',
  level: 'error',
  label: 'track logs system:',
  timestamp: '2023-10-04T02:07:22.622Z'
}
{
  message: 'Not found',
  level: 'error',
  label: 'track logs system:',
  timestamp: '2023-10-04T02:07:27.652Z'
}
{
  message: 'Not found',
  level: 'error',
  label: 'track logs system:',
  timestamp: '2023-10-04T02:07:33.617Z'
}
{
  message: 'Not found',
  level: 'error',
  label: 'track logs system:',
  timestamp: '2023-10-04T02:07:39.613Z'
}
{
  message: 'Not found',
  level: 'error',
  label: 'track logs system:',
  timestamp: '2023-10-04T02:07:43.722Z'
}
{
  message: 'Not found',
  level: 'error',
  label: 'track logs system:',
  timestamp: '2023-10-04T02:07:45.623Z'
}
{
  message: 'Not found',
  level: 'error',
  label: 'track logs system:',
  timestamp: '2023-10-04T02:07:51.627Z'
}
{
  message: 'Not found',
  level: 'error',
  label: 'track logs system:',
  timestamp: '2023-10-04T02:07:57.617Z'
}
{
  message: 'Not found',
  level: 'error',
  label: 'track logs system:',
  timestamp: '2023-10-04T02:08:03.624Z'
}
{
  message: 'Not found',
  level: 'error',
  label: 'track logs system:',
  timestamp: '2023-10-04T02:08:06.906Z'
}
{
  message: 'Not found',
  level: 'error',
  label: 'track logs system:',
  timestamp: '2023-10-04T02:08:09.624Z'
}
{
  message: 'Not found',
  level: 'error',
  label: 'track logs system:',
  timestamp: '2023-10-04T02:08:15.608Z'
}
{
  message: 'Not found',
  level: 'error',
  label: 'track logs system:',
  timestamp: '2023-10-04T02:08:21.618Z'
}
{
  message: 'Not found',
  level: 'error',
  label: 'track logs system:',
  timestamp: '2023-10-04T02:08:26.639Z'
}
{
  message: 'Not found',
  level: 'error',
  label: 'track logs system:',
  timestamp: '2023-10-04T02:08:32.615Z'
}
{
  message: 'Not found',
  level: 'error',
  label: 'track logs system:',
  timestamp: '2023-10-04T02:08:38.614Z'
}
{
  message: 'Not found',
  level: 'error',
  label: 'track logs system:',
  timestamp: '2023-10-04T02:08:44.614Z'
}
{
  message: 'Not found',
  level: 'error',
  label: 'track logs system:',
  timestamp: '2023-10-04T02:08:44.675Z'
}
{
  message: 'Not found',
  level: 'error',
  label: 'track logs system:',
  timestamp: '2023-10-04T02:08:50.616Z'
}
{
  message: 'Not found',
  level: 'error',
  label: 'track logs system:',
  timestamp: '2023-10-04T02:08:56.618Z'
}
{
  message: 'Not found',
  level: 'error',
  label: 'track logs system:',
  timestamp: '2023-10-04T02:09:02.617Z'
}
{
  message: 'Not found',
  level: 'error',
  label: 'track logs system:',
  timestamp: '2023-10-04T02:09:04.546Z'
}
{
  message: 'Not found',
  level: 'error',
  label: 'track logs system:',
  timestamp: '2023-10-04T02:09:07.637Z'
}
{
  message: 'Not found',
  level: 'error',
  label: 'track logs system:',
  timestamp: '2023-10-04T02:09:13.618Z'
}
{
  message: 'Not found',
  level: 'error',
  label: 'track logs system:',
  timestamp: '2023-10-04T02:09:19.633Z'
}
{
  message: 'Not found',
  level: 'error',
  label: 'track logs system:',
  timestamp: '2023-10-04T02:09:25.610Z'
}
{
  message: 'Not found',
  level: 'error',
  label: 'track logs system:',
  timestamp: '2023-10-04T02:09:28.373Z'
}
{
  message: 'Not found',
  level: 'error',
  label: 'track logs system:',
  timestamp: '2023-10-04T02:09:31.623Z'
}
{
  message: 'Not found',
  level: 'error',
  label: 'track logs system:',
  timestamp: '2023-10-04T02:09:37.615Z'
}
{
  message: 'Not found',
  level: 'error',
  label: 'track logs system:',
  timestamp: '2023-10-04T02:09:43.610Z'
}
{
  message: 'Not found',
  level: 'error',
  label: 'track logs system:',
  timestamp: '2023-10-04T02:09:49.618Z'
}
{
  message: 'Not found',
  level: 'error',
  label: 'track logs system:',
  timestamp: '2023-10-04T02:09:55.610Z'
}
{
  message: 'Not found',
  level: 'error',
  label: 'track logs system:',
  timestamp: '2023-10-04T02:09:55.737Z'
}
{
  message: 'Not found',
  level: 'error',
  label: 'track logs system:',
  timestamp: '2023-10-04T02:10:01.620Z'
}
{
  message: 'Not found',
  level: 'error',
  label: 'track logs system:',
  timestamp: '2023-10-04T02:10:07.617Z'
}
{
  message: 'Not found',
  level: 'error',
  label: 'track logs system:',
  timestamp: '2023-10-04T02:10:13.630Z'
}
{
  message: 'Not found',
  level: 'error',
  label: 'track logs system:',
  timestamp: '2023-10-04T02:10:19.624Z'
}
{
  message: 'Not found',
  level: 'error',
  label: 'track logs system:',
  timestamp: '2023-10-04T02:10:22.151Z'
}
{
  message: 'Not found',
  level: 'error',
  label: 'track logs system:',
  timestamp: '2023-10-04T02:10:25.621Z'
}
{
  message: 'Not found',
  level: 'error',
  label: 'track logs system:',
  timestamp: '2023-10-04T02:10:31.625Z'
}
{
  message: 'Not found',
  level: 'error',
  label: 'track logs system:',
  timestamp: '2023-10-04T02:10:37.623Z'
}
{
  message: 'Not found',
  level: 'error',
  label: 'track logs system:',
  timestamp: '2023-10-04T02:10:41.022Z'
}
{
  message: 'Not found',
  level: 'error',
  label: 'track logs system:',
  timestamp: '2023-10-04T02:10:43.607Z'
}
{
  message: 'Not found',
  level: 'error',
  label: 'track logs system:',
  timestamp: '2023-10-04T02:10:46.132Z'
}
{
  message: 'Not found',
  level: 'error',
  label: 'track logs system:',
  timestamp: '2023-10-04T02:10:49.616Z'
}
{
  message: 'Not found',
  level: 'error',
  label: 'track logs system:',
  timestamp: '2023-10-04T02:10:51.230Z'
}
{
  message: 'Not found',
  level: 'error',
  label: 'track logs system:',
  timestamp: '2023-10-04T02:10:55.614Z'
}
{
  message: 'Not found',
  level: 'error',
  label: 'track logs system:',
  timestamp: '2023-10-04T02:10:56.327Z'
}
{
  message: 'Not found',
  level: 'error',
  label: 'track logs system:',
  timestamp: '2023-10-04T02:11:01.419Z'
}
{
  message: 'Not found',
  level: 'error',
  label: 'track logs system:',
  timestamp: '2023-10-04T02:11:01.625Z'
}
{
  message: 'Not found',
  level: 'error',
  label: 'track logs system:',
  timestamp: '2023-10-04T02:11:06.505Z'
}
{
  message: 'Not found',
  level: 'error',
  label: 'track logs system:',
  timestamp: '2023-10-04T02:11:07.617Z'
}
{
  message: 'Not found',
  level: 'error',
  label: 'track logs system:',
  timestamp: '2023-10-04T02:11:11.605Z'
}
{
  message: 'Not found',
  level: 'error',
  label: 'track logs system:',
  timestamp: '2023-10-04T02:11:13.615Z'
}
{
  message: 'Not found',
  level: 'error',
  label: 'track logs system:',
  timestamp: '2023-10-04T02:11:16.688Z'
}
{
  message: 'Not found',
  level: 'error',
  label: 'track logs system:',
  timestamp: '2023-10-04T02:11:19.615Z'
}
{
  message: 'Not found',
  level: 'error',
  label: 'track logs system:',
  timestamp: '2023-10-04T02:11:21.788Z'
}
{
  message: 'Not found',
  level: 'error',
  label: 'track logs system:',
  timestamp: '2023-10-04T02:11:25.609Z'
}
{
  message: 'Not found',
  level: 'error',
  label: 'track logs system:',
  timestamp: '2023-10-04T02:11:27.699Z'
}
{
  message: 'Not found',
  level: 'error',
  label: 'track logs system:',
  timestamp: '2023-10-04T15:41:21.809Z'
}
